11:38:30 **** Incremental Build of configuration Debug for project JAN_19_CM7 ****
make -j4 all 
arm-none-eabi-g++ -o "JAN_19_CM7.elf" @"objects.list"  -l:libtouchgfx-float-abi-hard.a -mcpu=cortex-m7 -T"C:\Users\joepe\STM32CubeIDE\workspace_1.11.0_2\JAN_19\STM32CubeIDE\CM7\STM32H745XIHX_FLASH.ld" --specs=nosys.specs -Wl,-Map="JAN_19_CM7.map" -Wl,--gc-sections -static -LC:/Users/joepe/STM32CubeIDE/workspace_1.11.0_2/JAN_19/CM7/Middlewares/ST/touchgfx/lib/core/cortex_m7/gcc --specs=nano.specs -mfpu=fpv5-d16 -mfloat-abi=hard -mthumb -Wl,--start-group -lc -lm -lstdc++ -lsupc++ -Wl,--end-group
c:\st\stm32cubeide_1.11.0\stm32cubeide\plugins\com.st.stm32cube.ide.mcu.externaltools.gnu-tools-for-stm32.10.3-2021.10.win32_1.0.100.202210260954\tools\arm-none-eabi\bin\ld.exe: JAN_19_CM7.elf section `.bss' will not fit in region `RAM_D1'
c:\st\stm32cubeide_1.11.0\stm32cubeide\plugins\com.st.stm32cube.ide.mcu.externaltools.gnu-tools-for-stm32.10.3-2021.10.win32_1.0.100.202210260954\tools\arm-none-eabi\bin\ld.exe: region `RAM_D1' overflowed by 24264 bytes
collect2.exe: error: ld returned 1 exit status
make: *** [makefile:87: JAN_19_CM7.elf] Error 1
"make -j4 all" terminated with exit code 2. Build might be incomplete.

11:38:31 Build Failed. 3 errors, 0 warnings. (took 1s.584ms)

